<?xml version="1.0" encoding="UTF-8"?>
<!-- Generated by org.testng.reporters.JUnitReportReporter -->
<testsuite hostname="DESKTOP-BH6QJ6H" failures="0" tests="1" name="Resp_valid.Rmg_yantra_Static_Resp_valid" time="6.098" errors="0" timestamp="2023-08-08T09:58:49 IST" skipped="0">
  <testcase classname="Resp_valid.Rmg_yantra_Static_Resp_valid" name="GetProject" time="6.098"/>
  <system-out/>
</testsuite> <!-- Resp_valid.Rmg_yantra_Static_Resp_valid -->
