<?xml version="1.0" encoding="UTF-8"?>
<!-- Generated by org.testng.reporters.JUnitReportReporter -->
<testsuite hostname="DESKTOP-BH6QJ6H" failures="0" tests="1" name="RMG_YANTRA_BDD_Approach.UpdateProjectByBDD" time="3.369" errors="0" timestamp="2023-08-04T16:18:20 IST" skipped="0">
  <testcase classname="RMG_YANTRA_BDD_Approach.UpdateProjectByBDD" name="UpdateProject" time="3.369"/>
  <system-out/>
</testsuite> <!-- RMG_YANTRA_BDD_Approach.UpdateProjectByBDD -->
