<?xml version="1.0" encoding="UTF-8"?>
<!-- Generated by org.testng.reporters.JUnitReportReporter -->
<testsuite hostname="DESKTOP-BH6QJ6H" failures="0" tests="1" name="Interview_Practice.MultipleWaysToSendCookies" time="3.301" errors="0" timestamp="2023-08-21T12:21:10 IST" skipped="0">
  <testcase classname="Interview_Practice.MultipleWaysToSendCookies" name="GetUser" time="3.301"/>
  <system-out/>
</testsuite> <!-- Interview_Practice.MultipleWaysToSendCookies -->
