<?xml version="1.0" encoding="UTF-8"?>
<!-- Generated by org.testng.reporters.JUnitReportReporter -->
<testsuite hostname="DESKTOP-BH6QJ6H" failures="0" tests="1" name="Interview_Practice.HowToUploadImages" time="8.243" errors="0" timestamp="2023-08-19T23:39:46 IST" skipped="0">
  <testcase classname="Interview_Practice.HowToUploadImages" name="Image" time="8.243"/>
  <system-out/>
</testsuite> <!-- Interview_Practice.HowToUploadImages -->
