<?xml version="1.0" encoding="UTF-8"?>
<!-- Generated by org.testng.reporters.JUnitReportReporter -->
<testsuite hostname="DESKTOP-BH6QJ6H" failures="0" tests="1" name="Reqres_PojoClass.UpdateUserByPojoClass" time="5.059" errors="0" timestamp="2023-08-07T10:37:31 IST" skipped="0">
  <testcase classname="Reqres_PojoClass.UpdateUserByPojoClass" name="UpdateUser" time="5.059"/>
  <system-out/>
</testsuite> <!-- Reqres_PojoClass.UpdateUserByPojoClass -->
