<?xml version="1.0" encoding="UTF-8"?>
<!-- Generated by org.testng.reporters.JUnitReportReporter -->
<testsuite hostname="DESKTOP-BH6QJ6H" failures="0" tests="1" name="Schema_Validation.Reqres_Json_Schema" time="6.095" errors="0" timestamp="2023-08-13T23:51:49 IST" skipped="0">
  <testcase classname="Schema_Validation.Reqres_Json_Schema" name="JsonValidation" time="6.095"/>
  <system-out/>
</testsuite> <!-- Schema_Validation.Reqres_Json_Schema -->
