<?xml version="1.0" encoding="UTF-8"?>
<!-- Generated by org.testng.reporters.JUnitReportReporter -->
<testsuite hostname="DESKTOP-BH6QJ6H" failures="0" tests="1" name="RMG_YANTRA.CreateProjectWithRandomNum" time="3.864" errors="0" timestamp="2023-08-08T10:00:33 IST" skipped="0">
  <testcase classname="RMG_YANTRA.CreateProjectWithRandomNum" name="CreateProjectWithRandom" time="3.864"/>
  <system-out/>
</testsuite> <!-- RMG_YANTRA.CreateProjectWithRandomNum -->
