<?xml version="1.0" encoding="UTF-8"?>
<!-- Generated by org.testng.reporters.JUnitReportReporter -->
<testsuite hostname="DESKTOP-BH6QJ6H" failures="0" tests="1" name="Serial_Deserail.Serial_Deserial_Complex_Json" time="0.430" errors="0" timestamp="2023-08-10T11:28:24 IST" skipped="0">
  <testcase classname="Serial_Deserail.Serial_Deserial_Complex_Json" name="Complex" time="0.430"/>
  <system-out/>
</testsuite> <!-- Serial_Deserail.Serial_Deserial_Complex_Json -->
