<?xml version="1.0" encoding="UTF-8"?>
<!-- Generated by org.testng.reporters.JUnitReportReporter -->
<testsuite hostname="DESKTOP-BH6QJ6H" failures="0" tests="1" name="Reqres_BDD_Approach.GetUserByBDD" time="3.816" errors="0" timestamp="2023-08-21T13:15:05 IST" skipped="0">
  <testcase classname="Reqres_BDD_Approach.GetUserByBDD" name="GetUser" time="3.816"/>
  <system-out/>
</testsuite> <!-- Reqres_BDD_Approach.GetUserByBDD -->
