<?xml version="1.0" encoding="UTF-8"?>
<!-- Generated by org.testng.reporters.JUnitReportReporter -->
<testsuite hostname="DESKTOP-BH6QJ6H" failures="0" tests="1" name="RMG_YANTRA_JsonFile.UpdateProjectByJsonfile" time="2.974" errors="0" timestamp="2023-08-07T10:49:57 IST" skipped="0">
  <testcase classname="RMG_YANTRA_JsonFile.UpdateProjectByJsonfile" name="UpdateProject" time="2.974"/>
  <system-out/>
</testsuite> <!-- RMG_YANTRA_JsonFile.UpdateProjectByJsonfile -->
