<?xml version="1.0" encoding="UTF-8"?>
<!-- Generated by org.testng.reporters.JUnitReportReporter -->
<testsuite hostname="DESKTOP-BH6QJ6H" failures="0" tests="1" name="Reqres.UpdateUser" time="4.060" errors="0" timestamp="2023-08-04T11:11:42 IST" skipped="0">
  <testcase classname="Reqres.UpdateUser" name="UpdateUserInReqres" time="4.060"/>
  <system-out/>
</testsuite> <!-- Reqres.UpdateUser -->
