<?xml version="1.0" encoding="UTF-8"?>
<!-- Generated by org.testng.reporters.JUnitReportReporter -->
<testsuite hostname="DESKTOP-BH6QJ6H" failures="0" tests="1" name="RMY_YANTRA.GetProject" time="2.730" errors="0" timestamp="2023-08-04T12:47:37 IST" skipped="0">
  <testcase classname="RMY_YANTRA.GetProject" name="GetProjectInRMG" time="2.730"/>
  <system-out/>
</testsuite> <!-- RMY_YANTRA.GetProject -->
