<?xml version="1.0" encoding="UTF-8"?>
<!-- Generated by org.testng.reporters.JUnitReportReporter -->
<testsuite hostname="DESKTOP-BH6QJ6H" failures="0" tests="1" name="RMG_YANTRA_Resp_valid.Rmg_yantra_Dynamic_Resp_Valid" time="6.728" errors="0" timestamp="2023-08-07T13:34:44 IST" skipped="0">
  <testcase classname="RMG_YANTRA_Resp_valid.Rmg_yantra_Dynamic_Resp_Valid" name="DynamicResp" time="6.728"/>
  <system-out/>
</testsuite> <!-- RMG_YANTRA_Resp_valid.Rmg_yantra_Dynamic_Resp_Valid -->
