<?xml version="1.0" encoding="UTF-8"?>
<!-- Generated by org.testng.reporters.JUnitReportReporter -->
<testsuite hostname="DESKTOP-BH6QJ6H" failures="0" tests="1" name="RMG_YANTRA_BDD_Approach.DeleteProjectByBDD" time="2.982" errors="0" timestamp="2023-08-04T16:21:37 IST" skipped="0">
  <testcase classname="RMG_YANTRA_BDD_Approach.DeleteProjectByBDD" name="DeleteProject" time="2.982"/>
  <system-out/>
</testsuite> <!-- RMG_YANTRA_BDD_Approach.DeleteProjectByBDD -->
