<?xml version="1.0" encoding="UTF-8"?>
<!-- Generated by org.testng.reporters.JUnitReportReporter -->
<testsuite hostname="DESKTOP-BH6QJ6H" failures="0" tests="1" name="Interview_Practice.HowToCheckResponseIsJsonObj_Arr_PlainStr" time="4.292" errors="0" timestamp="2023-08-21T11:12:56 IST" skipped="0">
  <testcase classname="Interview_Practice.HowToCheckResponseIsJsonObj_Arr_PlainStr" name="GetUser" time="4.292"/>
  <system-out/>
</testsuite> <!-- Interview_Practice.HowToCheckResponseIsJsonObj_Arr_PlainStr -->
