<?xml version="1.0" encoding="UTF-8"?>
<!-- Generated by org.testng.reporters.JUnitReportReporter -->
<testsuite hostname="DESKTOP-BH6QJ6H" failures="0" tests="1" name="Resp_valid.ReqresDynamicRespValid" time="4.234" errors="0" timestamp="2023-08-07T16:24:32 IST" skipped="0">
  <testcase classname="Resp_valid.ReqresDynamicRespValid" name="Dynamicrespvalid" time="4.234"/>
  <system-out/>
</testsuite> <!-- Resp_valid.ReqresDynamicRespValid -->
