<?xml version="1.0" encoding="UTF-8"?>
<!-- Generated by org.testng.reporters.JUnitReportReporter -->
<testsuite hostname="DESKTOP-BH6QJ6H" failures="0" tests="1" name="Serial_Deserail.Serial_Deserial_Object_Array_Comples" time="0.672" errors="0" timestamp="2023-08-10T12:26:02 IST" skipped="0">
  <testcase classname="Serial_Deserail.Serial_Deserial_Object_Array_Comples" name="ObjectArray" time="0.672"/>
  <system-out/>
</testsuite> <!-- Serial_Deserail.Serial_Deserial_Object_Array_Comples -->
