<?xml version="1.0" encoding="UTF-8"?>
<!-- Generated by org.testng.reporters.JUnitReportReporter -->
<testsuite hostname="DESKTOP-BH6QJ6H" failures="0" tests="1" name="Interview_Practice.HowToWriteResponseInJsonFileUsingRestassured" time="3.349" errors="0" timestamp="2023-08-21T10:50:06 IST" skipped="0">
  <testcase classname="Interview_Practice.HowToWriteResponseInJsonFileUsingRestassured" name="GetUser" time="3.349"/>
  <system-out/>
</testsuite> <!-- Interview_Practice.HowToWriteResponseInJsonFileUsingRestassured -->
