<?xml version="1.0" encoding="UTF-8"?>
<!-- Generated by org.testng.reporters.JUnitReportReporter -->
<testsuite hostname="DESKTOP-BH6QJ6H" failures="0" tests="1" name="RMY_YANTRA.UpdateProject" time="3.323" errors="0" timestamp="2023-08-04T12:16:08 IST" skipped="0">
  <testcase classname="RMY_YANTRA.UpdateProject" name="UpdateProjectInRMG" time="3.323"/>
  <system-out/>
</testsuite> <!-- RMY_YANTRA.UpdateProject -->
