<?xml version="1.0" encoding="UTF-8"?>
<!-- Generated by org.testng.reporters.JUnitReportReporter -->
<testsuite hostname="DESKTOP-BH6QJ6H" failures="0" tests="1" name="ShopperStack.Shopperlogin" time="5.811" errors="0" timestamp="2023-08-29T13:25:09 IST" skipped="0">
  <testcase classname="ShopperStack.Shopperlogin" name="login" time="5.811"/>
  <system-out/>
</testsuite> <!-- ShopperStack.Shopperlogin -->
