<?xml version="1.0" encoding="UTF-8"?>
<!-- Generated by org.testng.reporters.JUnitReportReporter -->
<testsuite hostname="DESKTOP-BH6QJ6H" failures="0" tests="1" name="RMG_YANTRA_Resp_valid.Rmg_yantra_Static_Resp_valid" time="8.113" errors="0" timestamp="2023-08-07T12:34:14 IST" skipped="0">
  <testcase classname="RMG_YANTRA_Resp_valid.Rmg_yantra_Static_Resp_valid" name="GetProject" time="8.113"/>
  <system-out/>
</testsuite> <!-- RMG_YANTRA_Resp_valid.Rmg_yantra_Static_Resp_valid -->
