<?xml version="1.0" encoding="UTF-8"?>
<!-- Generated by org.testng.reporters.JUnitReportReporter -->
<testsuite hostname="DESKTOP-BH6QJ6H" failures="0" tests="1" name="Reqres_Hashmap.UpdateUserByHashmap" time="5.760" errors="0" timestamp="2023-08-07T10:10:49 IST" skipped="0">
  <testcase classname="Reqres_Hashmap.UpdateUserByHashmap" name="UpdateUser" time="5.760"/>
  <system-out/>
</testsuite> <!-- Reqres_Hashmap.UpdateUserByHashmap -->
