<?xml version="1.0" encoding="UTF-8"?>
<!-- Generated by org.testng.reporters.JUnitReportReporter -->
<testsuite hostname="DESKTOP-BH6QJ6H" failures="0" tests="1" name="RMG_YANTRA_BDD_Approach.GetProjectByBDD" time="2.819" errors="0" timestamp="2023-08-07T17:20:41 IST" skipped="0">
  <testcase classname="RMG_YANTRA_BDD_Approach.GetProjectByBDD" name="GetProject" time="2.819"/>
  <system-out/>
</testsuite> <!-- RMG_YANTRA_BDD_Approach.GetProjectByBDD -->
