<?xml version="1.0" encoding="UTF-8"?>
<!-- Generated by org.testng.reporters.JUnitReportReporter -->
<testsuite hostname="DESKTOP-BH6QJ6H" failures="0" tests="1" name="Request_Response_spec_Builder.API_Chaining_Reqres_ByBuilders" time="5.320" errors="0" timestamp="2023-08-09T13:01:40 IST" skipped="0">
  <testcase classname="Request_Response_spec_Builder.API_Chaining_Reqres_ByBuilders" name="ChainingByBuilders" time="5.320"/>
  <system-out/>
</testsuite> <!-- Request_Response_spec_Builder.API_Chaining_Reqres_ByBuilders -->
