<?xml version="1.0" encoding="UTF-8"?>
<!-- Generated by org.testng.reporters.JUnitReportReporter -->
<testsuite hostname="DESKTOP-BH6QJ6H" failures="0" tests="1" name="Authentication.Aouth20" time="8218.630" errors="0" timestamp="2023-08-09T13:24:30 IST" skipped="0">
  <testcase classname="Authentication.Aouth20" name="Aouth" time="8218.630"/>
  <system-out/>
</testsuite> <!-- Authentication.Aouth20 -->
