<?xml version="1.0" encoding="UTF-8"?>
<!-- Generated by org.testng.reporters.JUnitReportReporter -->
<testsuite hostname="DESKTOP-BH6QJ6H" failures="0" tests="1" name="Interview_Practice.HowToPassMultipleHeaders" time="4.918" errors="0" timestamp="2023-08-21T12:02:32 IST" skipped="0">
  <testcase classname="Interview_Practice.HowToPassMultipleHeaders" name="GetUser" time="4.918"/>
  <system-out/>
</testsuite> <!-- Interview_Practice.HowToPassMultipleHeaders -->
