<?xml version="1.0" encoding="UTF-8"?>
<!-- Generated by org.testng.reporters.JUnitReportReporter -->
<testsuite hostname="DESKTOP-BH6QJ6H" failures="0" tests="1" name="Authentication.Bearer_token" time="5.769" errors="0" timestamp="2023-08-08T15:42:20 IST" skipped="0">
  <testcase classname="Authentication.Bearer_token" name="Auth2" time="5.769"/>
  <system-out/>
</testsuite> <!-- Authentication.Bearer_token -->
