<?xml version="1.0" encoding="UTF-8"?>
<!-- Generated by org.testng.reporters.JUnitReportReporter -->
<testsuite hostname="DESKTOP-BH6QJ6H" failures="0" tests="1" name="Reqres.DeleteUser" time="3.967" errors="0" timestamp="2023-08-04T16:03:58 IST" skipped="0">
  <testcase classname="Reqres.DeleteUser" name="DeleteUserInReqres" time="3.967"/>
  <system-out/>
</testsuite> <!-- Reqres.DeleteUser -->
