<?xml version="1.0" encoding="UTF-8"?>
<!-- Generated by org.testng.reporters.JUnitReportReporter -->
<testsuite hostname="DESKTOP-BH6QJ6H" failures="0" tests="1" name="RMY_YANTRA.CreateProject" time="3.104" errors="0" timestamp="2023-08-04T12:06:13 IST" skipped="0">
  <testcase classname="RMY_YANTRA.CreateProject" name="CreateProjectInRMG9" time="3.104"/>
  <system-out/>
</testsuite> <!-- RMY_YANTRA.CreateProject -->
