<?xml version="1.0" encoding="UTF-8"?>
<!-- Generated by org.testng.reporters.JUnitReportReporter -->
<testsuite hostname="DESKTOP-BH6QJ6H" failures="0" tests="1" name="RMG_YANTRA.GetProject" time="8.727" errors="0" timestamp="2023-08-07T17:13:29 IST" skipped="0">
  <testcase classname="RMG_YANTRA.GetProject" name="GetProjectInRMG" time="8.727"/>
  <system-out/>
</testsuite> <!-- RMG_YANTRA.GetProject -->
