<?xml version="1.0" encoding="UTF-8"?>
<!-- Generated by org.testng.reporters.JUnitReportReporter -->
<testsuite hostname="DESKTOP-BH6QJ6H" failures="0" tests="1" name="Interview_Practice.Create_Proj__Validate_db" time="4.605" errors="0" timestamp="2023-08-11T12:47:45 IST" skipped="0">
  <testcase classname="Interview_Practice.Create_Proj__Validate_db" name="CreateandValidate" time="4.605"/>
  <system-out/>
</testsuite> <!-- Interview_Practice.Create_Proj__Validate_db -->
