<?xml version="1.0" encoding="UTF-8"?>
<!-- Generated by org.testng.reporters.JUnitReportReporter -->
<testsuite hostname="DESKTOP-BH6QJ6H" failures="0" tests="1" name="Reqres_JSONfile.UpdateUserByJsonFile" time="5.127" errors="0" timestamp="2023-08-07T10:24:12 IST" skipped="0">
  <testcase classname="Reqres_JSONfile.UpdateUserByJsonFile" name="UpdateUser" time="5.127"/>
  <system-out/>
</testsuite> <!-- Reqres_JSONfile.UpdateUserByJsonFile -->
