<?xml version="1.0" encoding="UTF-8"?>
<!-- Generated by org.testng.reporters.JUnitReportReporter -->
<testsuite hostname="DESKTOP-BH6QJ6H" failures="0" tests="1" name="RMG_Pojoclass.CreateProjectByPojoClasss" time="4.041" errors="0" timestamp="2023-08-09T16:03:37 IST" skipped="0">
  <testcase classname="RMG_Pojoclass.CreateProjectByPojoClasss" name="CreateProject" time="4.041"/>
  <system-out/>
</testsuite> <!-- RMG_Pojoclass.CreateProjectByPojoClasss -->
