<?xml version="1.0" encoding="UTF-8"?>
<!-- Generated by org.testng.reporters.JUnitReportReporter -->
<testsuite hostname="DESKTOP-BH6QJ6H" failures="0" tests="1" name="Reqres.CreateUser" time="4.604" errors="0" timestamp="2023-08-04T10:51:35 IST" skipped="0">
  <testcase classname="Reqres.CreateUser" name="createuser" time="4.604"/>
  <system-out/>
</testsuite> <!-- Reqres.CreateUser -->
