<?xml version="1.0" encoding="UTF-8"?>
<!-- Generated by org.testng.reporters.JUnitReportReporter -->
<testsuite hostname="DESKTOP-BH6QJ6H" failures="0" tests="1" name="Interview_Practice.HowToKeepSensitiveThingsOutOfLog" time="9.477" errors="0" timestamp="2023-08-21T12:44:26 IST" skipped="0">
  <testcase classname="Interview_Practice.HowToKeepSensitiveThingsOutOfLog" name="outoflog" time="9.477"/>
  <system-out/>
</testsuite> <!-- Interview_Practice.HowToKeepSensitiveThingsOutOfLog -->
