<?xml version="1.0" encoding="UTF-8"?>
<!-- Generated by org.testng.reporters.JUnitReportReporter -->
<testsuite hostname="DESKTOP-BH6QJ6H" failures="0" tests="1" name="Reqres_BDD_Approach.CreateUserByBDD" time="5.667" errors="0" timestamp="2023-08-10T16:21:22 IST" skipped="0">
  <testcase classname="Reqres_BDD_Approach.CreateUserByBDD" name="Createuser" time="5.667"/>
  <system-out/>
</testsuite> <!-- Reqres_BDD_Approach.CreateUserByBDD -->
