<?xml version="1.0" encoding="UTF-8"?>
<!-- Generated by org.testng.reporters.JUnitReportReporter -->
<testsuite hostname="DESKTOP-BH6QJ6H" failures="0" tests="1" name="End_To_End_Scenarios.Create_Proj__Validate_db" time="6.379" errors="0" timestamp="2023-08-16T09:54:41 IST" skipped="0">
  <testcase classname="End_To_End_Scenarios.Create_Proj__Validate_db" name="CreateandValidate" time="6.379"/>
  <system-out/>
</testsuite> <!-- End_To_End_Scenarios.Create_Proj__Validate_db -->
