<?xml version="1.0" encoding="UTF-8"?>
<!-- Generated by org.testng.reporters.JUnitReportReporter -->
<testsuite hostname="DESKTOP-BH6QJ6H" failures="0" tests="1" name="RMG_YANTRA_Reqst_Chain.CreateAndGetProjectByAPIChaining" time="5.706" errors="0" timestamp="2023-08-08T10:07:05 IST" skipped="0">
  <testcase classname="RMG_YANTRA_Reqst_Chain.CreateAndGetProjectByAPIChaining" name="CreateandGet" time="5.706"/>
  <system-out/>
</testsuite> <!-- RMG_YANTRA_Reqst_Chain.CreateAndGetProjectByAPIChaining -->
