<?xml version="1.0" encoding="UTF-8"?>
<!-- Generated by org.testng.reporters.JUnitReportReporter -->
<testsuite hostname="DESKTOP-BH6QJ6H" failures="0" tests="1" name="Reqres_Hashmap.CreateUserByHashmap" time="6.906" errors="0" timestamp="2023-08-07T11:05:18 IST" skipped="0">
  <testcase classname="Reqres_Hashmap.CreateUserByHashmap" name="Createuser" time="6.906"/>
  <system-out/>
</testsuite> <!-- Reqres_Hashmap.CreateUserByHashmap -->
