<?xml version="1.0" encoding="UTF-8"?>
<!-- Generated by org.testng.reporters.JUnitReportReporter -->
<testsuite hostname="DESKTOP-BH6QJ6H" failures="0" tests="1" name="Interview_Practice.Response_Header_Validation" time="3.905" errors="0" timestamp="2023-08-09T15:57:04 IST" skipped="0">
  <testcase classname="Interview_Practice.Response_Header_Validation" name="Validation" time="3.905"/>
  <system-out/>
</testsuite> <!-- Interview_Practice.Response_Header_Validation -->
