<?xml version="1.0" encoding="UTF-8"?>
<!-- Generated by org.testng.reporters.JUnitReportReporter -->
<testsuite hostname="DESKTOP-BH6QJ6H" failures="0" tests="1" name="Authentication.Basic_Aouth" time="3.081" errors="0" timestamp="2023-08-08T17:02:48 IST" skipped="0">
  <testcase classname="Authentication.Basic_Aouth" name="Auth1" time="3.081"/>
  <system-out/>
</testsuite> <!-- Authentication.Basic_Aouth -->
