<?xml version="1.0" encoding="UTF-8"?>
<!-- Generated by org.testng.reporters.JUnitReportReporter -->
<testsuite hostname="DESKTOP-BH6QJ6H" failures="0" tests="1" name="Resp_valid.Rmg_yantra_Dynamic_Resp_Valid" time="6.694" errors="0" timestamp="2023-08-07T15:31:21 IST" skipped="0">
  <testcase classname="Resp_valid.Rmg_yantra_Dynamic_Resp_Valid" name="DynamicResp" time="6.694"/>
  <system-out/>
</testsuite> <!-- Resp_valid.Rmg_yantra_Dynamic_Resp_Valid -->
