<?xml version="1.0" encoding="UTF-8"?>
<!-- Generated by org.testng.reporters.JUnitReportReporter -->
<testsuite hostname="DESKTOP-BH6QJ6H" failures="0" tests="1" name="Reqres_JSONfile.CreateUserByJsonFile" time="4.437" errors="0" timestamp="2023-08-07T10:22:10 IST" skipped="0">
  <testcase classname="Reqres_JSONfile.CreateUserByJsonFile" name="Createuser" time="4.437"/>
  <system-out/>
</testsuite> <!-- Reqres_JSONfile.CreateUserByJsonFile -->
