<?xml version="1.0" encoding="UTF-8"?>
<!-- Generated by org.testng.reporters.JUnitReportReporter -->
<testsuite hostname="DESKTOP-BH6QJ6H" failures="0" tests="3" name="DDT.Reqres_DDT" time="7.745" errors="0" timestamp="2023-08-08T12:48:21 IST" skipped="0">
  <testcase classname="DDT.Reqres_DDT" name="Reqres" time="4.824"/>
  <system-out/>
  <testcase classname="DDT.Reqres_DDT" name="Reqres" time="1.523"/>
  <system-out/>
  <testcase classname="DDT.Reqres_DDT" name="Reqres" time="1.398"/>
  <system-out/>
</testsuite> <!-- DDT.Reqres_DDT -->
