<?xml version="1.0" encoding="UTF-8"?>
<!-- Generated by org.testng.reporters.JUnitReportReporter -->
<testsuite hostname="DESKTOP-BH6QJ6H" failures="0" tests="1" name="RMY_YANTRA.DeleteProject" time="2.629" errors="0" timestamp="2023-08-04T12:19:12 IST" skipped="0">
  <testcase classname="RMY_YANTRA.DeleteProject" name="DeleteProjectInRMG" time="2.629"/>
  <system-out/>
</testsuite> <!-- RMY_YANTRA.DeleteProject -->
