<?xml version="1.0" encoding="UTF-8"?>
<!-- Generated by org.testng.reporters.JUnitReportReporter -->
<testsuite hostname="DESKTOP-BH6QJ6H" failures="0" tests="1" name="Serial_Deserail.Serialization" time="0.426" errors="0" timestamp="2023-08-10T10:35:59 IST" skipped="0">
  <testcase classname="Serial_Deserail.Serialization" name="serial" time="0.426"/>
  <system-out/>
</testsuite> <!-- Serial_Deserail.Serialization -->
