<?xml version="1.0" encoding="UTF-8"?>
<!-- Generated by org.testng.reporters.JUnitReportReporter -->
<testsuite hostname="DESKTOP-BH6QJ6H" failures="0" tests="1" name="RMG_YANTRA_Parameters.GetProjectsInReqresByQueryParam" time="4.636" errors="0" timestamp="2023-08-07T17:43:13 IST" skipped="0">
  <testcase classname="RMG_YANTRA_Parameters.GetProjectsInReqresByQueryParam" name="GetProjectsByQuery" time="4.636"/>
  <system-out/>
</testsuite> <!-- RMG_YANTRA_Parameters.GetProjectsInReqresByQueryParam -->
