<?xml version="1.0" encoding="UTF-8"?>
<!-- Generated by org.testng.reporters.JUnitReportReporter -->
<testsuite hostname="DESKTOP-BH6QJ6H" failures="0" tests="1" name="Reqst_Chain.GetAllUsersAndGetParticularUser" time="6.786" errors="0" timestamp="2023-08-14T16:29:40 IST" skipped="0">
  <testcase classname="Reqst_Chain.GetAllUsersAndGetParticularUser" name="GetAllUserandGetParUser" time="6.786"/>
  <system-out/>
</testsuite> <!-- Reqst_Chain.GetAllUsersAndGetParticularUser -->
