<?xml version="1.0" encoding="UTF-8"?>
<!-- Generated by org.testng.reporters.JUnitReportReporter -->
<testsuite hostname="DESKTOP-BH6QJ6H" failures="0" tests="1" name="Reqres_BDD_Approach.UpdateUserByBDD" time="5.967" errors="0" timestamp="2023-08-04T15:31:47 IST" skipped="0">
  <testcase classname="Reqres_BDD_Approach.UpdateUserByBDD" name="UpdateUser" time="5.967"/>
  <system-out/>
</testsuite> <!-- Reqres_BDD_Approach.UpdateUserByBDD -->
