<?xml version="1.0" encoding="UTF-8"?>
<!-- Generated by org.testng.reporters.JUnitReportReporter -->
<testsuite hostname="DESKTOP-BH6QJ6H" failures="0" tests="1" name="RMY_YANTRA.CreateProjectWithRandomNum" time="3.726" errors="0" timestamp="2023-08-04T13:27:17 IST" skipped="0">
  <testcase classname="RMY_YANTRA.CreateProjectWithRandomNum" name="CreateProjectWithRandom" time="3.726"/>
  <system-out/>
</testsuite> <!-- RMY_YANTRA.CreateProjectWithRandomNum -->
