<?xml version="1.0" encoding="UTF-8"?>
<!-- Generated by org.testng.reporters.JUnitReportReporter -->
<testsuite hostname="DESKTOP-BH6QJ6H" failures="0" tests="1" name="ShopperStack.RegisterAsAShopper" time="18.255" errors="0" timestamp="2023-08-29T16:58:29 IST" skipped="0">
  <testcase classname="ShopperStack.RegisterAsAShopper" name="Register" time="18.255"/>
  <system-out/>
</testsuite> <!-- ShopperStack.RegisterAsAShopper -->
