<?xml version="1.0" encoding="UTF-8"?>
<!-- Generated by org.testng.reporters.JUnitReportReporter -->
<testsuite hostname="DESKTOP-BH6QJ6H" failures="0" tests="1" name="RMG_Pojoclass.UpdateProjectByPojoClass" time="3.905" errors="0" timestamp="2023-08-07T10:58:18 IST" skipped="0">
  <testcase classname="RMG_Pojoclass.UpdateProjectByPojoClass" name="UpdateProject" time="3.905"/>
  <system-out/>
</testsuite> <!-- RMG_Pojoclass.UpdateProjectByPojoClass -->
