<?xml version="1.0" encoding="UTF-8"?>
<!-- Generated by org.testng.reporters.JUnitReportReporter -->
<testsuite hostname="DESKTOP-BH6QJ6H" failures="0" tests="1" name="RMG_YANTRA_Hashmap.UpdateProjectByHashmap" time="4.441" errors="0" timestamp="2023-08-07T10:16:24 IST" skipped="0">
  <testcase classname="RMG_YANTRA_Hashmap.UpdateProjectByHashmap" name="UpdateProjectInRMG" time="4.441"/>
  <system-out/>
</testsuite> <!-- RMG_YANTRA_Hashmap.UpdateProjectByHashmap -->
