<?xml version="1.0" encoding="UTF-8"?>
<!-- Generated by org.testng.reporters.JUnitReportReporter -->
<testsuite hostname="DESKTOP-BH6QJ6H" failures="0" tests="1" name="Interview_Practice.HowToSendCookiesUsingMap" time="3.707" errors="0" timestamp="2023-08-19T21:08:23 IST" skipped="0">
  <testcase classname="Interview_Practice.HowToSendCookiesUsingMap" name="GetUser" time="3.707"/>
  <system-out/>
</testsuite> <!-- Interview_Practice.HowToSendCookiesUsingMap -->
