<?xml version="1.0" encoding="UTF-8"?>
<!-- Generated by org.testng.reporters.JUnitReportReporter -->
<testsuite hostname="DESKTOP-BH6QJ6H" failures="0" tests="1" name="Request_Response_spec_Builder.Builders_Pre_Condition" time="3.447" errors="0" timestamp="2023-08-09T12:36:44 IST" skipped="0">
  <testcase classname="Request_Response_spec_Builder.Builders_Pre_Condition" name="PreCondition" time="3.447"/>
  <system-out/>
</testsuite> <!-- Request_Response_spec_Builder.Builders_Pre_Condition -->
