<?xml version="1.0" encoding="UTF-8"?>
<!-- Generated by org.testng.reporters.JUnitReportReporter -->
<testsuite hostname="DESKTOP-BH6QJ6H" failures="0" tests="1" name="Reqres.GetUser" time="3.466" errors="0" timestamp="2023-08-04T11:02:35 IST" skipped="0">
  <testcase classname="Reqres.GetUser" name="GetUserInReqres" time="3.466"/>
  <system-out/>
</testsuite> <!-- Reqres.GetUser -->
